[debug] [2023-09-20T10:00:03.123Z] ----------------------------------------------------------------------
[debug] [2023-09-20T10:00:03.126Z] Command:       C:\Program Files\nodejs\node.exe C:\Users\Tejaswini Poojari\AppData\Roaming\npm\node_modules\firebase-tools\lib\bin\firebase.js deploy
[debug] [2023-09-20T10:00:03.126Z] CLI Version:   12.5.2
[debug] [2023-09-20T10:00:03.126Z] Platform:      win32
[debug] [2023-09-20T10:00:03.127Z] Node Version:  v18.13.0
[debug] [2023-09-20T10:00:03.127Z] Time:          Wed Sep 20 2023 15:30:03 GMT+0530 (India Standard Time)
[debug] [2023-09-20T10:00:03.128Z] ----------------------------------------------------------------------
[debug] 
[debug] [2023-09-20T10:00:03.215Z] > command requires scopes: ["email","openid","https://www.googleapis.com/auth/cloudplatformprojects.readonly","https://www.googleapis.com/auth/firebase","https://www.googleapis.com/auth/cloud-platform"]
[debug] [2023-09-20T10:00:03.216Z] > authorizing via signed-in user (tejaswinidinkarpujari@gmail.com)
[debug] [2023-09-20T10:00:03.216Z] [iam] checking project goodstep-dd60b for permissions ["firebase.projects.get","firebasehosting.sites.update"]
[debug] [2023-09-20T10:00:03.219Z] >>> [apiv2][query] POST https://cloudresourcemanager.googleapis.com/v1/projects/goodstep-dd60b:testIamPermissions [none]
[debug] [2023-09-20T10:00:03.219Z] >>> [apiv2][(partial)header] POST https://cloudresourcemanager.googleapis.com/v1/projects/goodstep-dd60b:testIamPermissions x-goog-quota-user=projects/goodstep-dd60b
[debug] [2023-09-20T10:00:03.220Z] >>> [apiv2][body] POST https://cloudresourcemanager.googleapis.com/v1/projects/goodstep-dd60b:testIamPermissions {"permissions":["firebase.projects.get","firebasehosting.sites.update"]}
[debug] [2023-09-20T10:00:05.197Z] <<< [apiv2][status] POST https://cloudresourcemanager.googleapis.com/v1/projects/goodstep-dd60b:testIamPermissions 200
[debug] [2023-09-20T10:00:05.197Z] <<< [apiv2][body] POST https://cloudresourcemanager.googleapis.com/v1/projects/goodstep-dd60b:testIamPermissions {"permissions":["firebase.projects.get","firebasehosting.sites.update"]}
[debug] [2023-09-20T10:00:05.198Z] >>> [apiv2][query] GET https://firebase.googleapis.com/v1beta1/projects/goodstep-dd60b [none]
[debug] [2023-09-20T10:00:05.843Z] <<< [apiv2][status] GET https://firebase.googleapis.com/v1beta1/projects/goodstep-dd60b 200
[debug] [2023-09-20T10:00:05.843Z] <<< [apiv2][body] GET https://firebase.googleapis.com/v1beta1/projects/goodstep-dd60b {"projectId":"goodstep-dd60b","projectNumber":"448784117195","displayName":"goodstep","name":"projects/goodstep-dd60b","resources":{"hostingSite":"goodstep-dd60b"},"state":"ACTIVE","etag":"1_cca782c1-35ca-4012-9c26-a3a388fbe268"}
[info] 
[info] === Deploying to 'goodstep-dd60b'...
[info] 
[info] i  deploying hosting 
[debug] [2023-09-20T10:00:05.850Z] >>> [apiv2][query] POST https://firebasehosting.googleapis.com/v1beta1/projects/-/sites/goodstep-dd60b/versions [none]
[debug] [2023-09-20T10:00:05.850Z] >>> [apiv2][body] POST https://firebasehosting.googleapis.com/v1beta1/projects/-/sites/goodstep-dd60b/versions {"status":"CREATED","labels":{"deployment-tool":"cli-firebase"}}
[debug] [2023-09-20T10:00:07.513Z] <<< [apiv2][status] POST https://firebasehosting.googleapis.com/v1beta1/projects/-/sites/goodstep-dd60b/versions 200
[debug] [2023-09-20T10:00:07.513Z] <<< [apiv2][body] POST https://firebasehosting.googleapis.com/v1beta1/projects/-/sites/goodstep-dd60b/versions {"name":"projects/448784117195/sites/goodstep-dd60b/versions/538679212e2fba46","status":"CREATED","config":{},"labels":{"deployment-tool":"cli-firebase"}}
[info] i  hosting[goodstep-dd60b]: beginning deploy... 
[info] i  hosting[goodstep-dd60b]: found 44 files in build 
[debug] [2023-09-20T10:00:07.529Z] [hosting] uploading with 200 concurrency
[debug] [2023-09-20T10:00:08.171Z] [hosting] hash cache [YnVpbGQ] stored for 44 files
[debug] [2023-09-20T10:00:08.172Z] [hosting][hash queue][FINAL] {"max":628,"min":5,"avg":74.20454545454545,"active":0,"complete":44,"success":44,"errored":0,"retried":0,"total":44,"elapsed":633}
[debug] [2023-09-20T10:00:08.172Z] >>> [apiv2][query] POST https://firebasehosting.googleapis.com/v1beta1/projects/448784117195/sites/goodstep-dd60b/versions/538679212e2fba46:populateFiles [none]
[debug] [2023-09-20T10:00:08.172Z] >>> [apiv2][body] POST https://firebasehosting.googleapis.com/v1beta1/projects/448784117195/sites/goodstep-dd60b/versions/538679212e2fba46:populateFiles {"files":{"/favicon.ico":"eae62e993eb980ec8a25058c39d5a51feab118bd2100c4deebb2a9c158ec11f9","/logo192.png":"3ee59515172ee198f3be375979df15ac5345183e656720a381b8872b2a39dc8b","/logo512.png":"ee7e2f3fdb8209c4b6fd7bef6ba50d1b9dba30a25bb5c3126df057e1cb6f5331","/manifest.json":"aff3449bdc238776f5d6d967f19ec491b36aed5fb7f23ccff6500736fd58494a","/robots.txt":"bfe106a3fb878dc83461c86818bf74fc1bdc7f28538ba613cd3e775516ce8b49","/asset-manifest.json":"eeceed64b790a3853cc55a8ecfc1629b0f2cec632a69461a9bc5bfc9b415e07d","/index.html":"a341da849f6d50e244ddc050d21b47a4e4a086403012612550325dbb190001b5","/static/css/main.673c72e4.css":"d5a7eae8c54f47b49862019aa3a23cd5c5146b9449cc01ea2adeb6dc3f3e449c","/static/js/main.77bf28da.js.LICENSE.txt":"19562dae08934e5c232f87529f9dbbd1c2abc5651db0426e5b57b556d5257879","/static/css/main.673c72e4.css.map":"058692e7348eb76d3881d2bc55784649f2bb29c6a1fcf800b4dbeebde7a78837","/static/media/footer-logo1.b49646753298746bb3e5.png":"47638a6bc53c28a80434f969961ecf54d1c64e117aa15c33d7cfea1e9354cc20","/static/media/step-2.d3c448aa91da57179d64.png":"732359aee790e87eed5a0d7ecce3c31b6d201ceb18c8746141cbab14fde942c9","/static/media/step-1.6c28020359b87a55a96f.png":"ac254729497e1557d9fe7ce0d5c817792b1b9ba965dd848b6a10555364befe2e","/static/media/level1.fb01beb9f4a25e94c140.jpg":"c6bdd2801c66dd7c7f9a7a372b5b8d967647858bacbce59c25e3e95692d046ad","/static/media/step-3.7f3fa752bbfc77e28aa2.png":"f989a367ba0a4be81d927342146ceeecdaf8fa1f1e11d72f2478b48fca188f04","/static/media/1.2b55cd28a4ec2304a56d.png":"bc431bd7f460f610bd6260a42702ead5968f9bea4c52c78cf57e950bc0e6061a","/static/media/ABeeZee-Italic.abec9dae76eed00f35a6.ttf":"b624b22a31e34ee16292b31b85badb7cd2eb4078e07af80f2c61909bc568b0c2","/static/media/step1.0cdd5a95bad89a1ad6cf.png":"3716c726a6a7f74e5fa60750ee79cc031e8b3cbe6f8ec8bab4578a2be2085c33","/static/media/6.e1e708265acd8e3490a0.jpg":"4cc0d21b7bb3ea56e641759d9f45f44653be58a2ed5b713e9958601018643c48","/static/media/newevent.8848c14576ea35846014.jpg":"43929cae2800d9281071889455d1bf9528f4167cde3c2021afa97b48e5813186","/static/media/9.548f43b6b61fdb3cac31.jpg":"1f3cef95e3004ee579872ee2018cf08e3447421cd1440eca3471b31eafb1de3f","/static/media/Jost-VariableFont_wght.34835cd554b7b71732e2.ttf":"bc5af101678e9b37602259f323355875b9c0a559b0ae4934a1e5719ee5f3dcee","/static/media/1.ec3f9a0bbb858f30522b.jpg":"ce430e22a9e14ecbb53264d4308d10a0e5fe1708f5bbe4ef676be9642a440531","/static/media/5.29000cf459f58a0d2db8.jpg":"90b613d83db7837e012e549fdce562f98d1a3db71dfe59927a35608fbe7f659c","/static/media/2.c19a4e915f3d192a5cd0.jpg":"02a6f9d77e8c6234f58020db2cf88d4d625d910d8fcc441cda796a751bac96f8","/static/media/4.29703708d2a331411466.jpg":"190ec91434e34acfaa9f8988d39531ea42c0d6ca126e18fafcf92290a26f1886","/static/media/1.142cc5d3e0c22c2dba8b.png":"fe2eb4cb398f4925d926d60bbd0be9eba09ff31dfbf247955abd4f9c7963f551","/static/media/10.9dc00d8ea7904dbf02c8.png":"09225fd4a87d7ac77541a3ef1e7903ce0e603af4866369d3d782da3d57178837","/static/media/3.09eefba031eb00fd95d5.png":"44354343035044325bfe0ec7c53a5be3ee0457db3705d45ad0d559bb7d532d26","/static/media/5.8ba7ce2a211b6fc1dfb9.png":"822a1b21e7036bb09d341cae505e7501cdbedcfdc9bb2ff284195d3f219199d8","/static/media/4.475c4c2ac022781029b1.png":"dc05cfd36e9400428442ec3bdb471b123422ae1e30e7399ac013ba39f0f97f54","/static/media/7.e728c9f1059405244a4f.png":"53a3b3a66d4b11e838186481044a5ce53903694f09d0efd0c68fb5131807fc97","/static/media/6.8722a736e05d05b999a5.png":"13cfcce34538861f9762f1a745b5bdc12f1d8147c6b9e92b660d95f43708f7f3","/static/media/9.626fe5b0023de6621b1c.png":"379209385845f41a33223e4fdeb9d5e76aa68871b2f22907463e82616de66a7a","/static/media/2.42c3a05caca52aa372c1.png":"5858ee8b6fa7ea066134d72cd4373dba66e2932185bba45b2d0c3d98da35e6af","/static/media/8.4459414b98590f692842.png":"c2b35464548b13aa6a9f2798e7b348329884d81d61e23fdea35c96caf407ba9a","/static/media/3.248391aecf9140539505.jpg":"4ff11fa5c144c2f2bc752f3cf80e0e7beb1665320f5b6358bafab1f62cd5a205","/static/media/7.c26eb938d34a74bda4be.jpeg":"05bfdfa8cf1048da56af5cf980184219c5ccc29a91db1c2735edbfe4e5fe830a","/static/media/half-circle.52dba5283e853bfadbf8.png":"847c27953ca8335ab242fe505fc1ea394aaf312b79f3a19ad0afe0d7998b6a1a","/static/media/10.4ea3bc2b2c0dacd3340d.png":"44b6903cbd4afacbacc319f7cb79826b6f85e988f72c90b626c738b75017b791","/static/media/8.afdd44c5ab868db2deb4.jpg":"29f1d3fd82efe4f1d4f7a372fb6335614a8e86bb542a057e65375cea6504b86c","/static/js/main.77bf28da.js":"b1da266835949549c9841f196d1cde2ef941548b6408f94fd85d840fe37997c0","/static/media/home-slides-banner2.d0139ca7020e81ecc017.png":"0f3b3a079a05746c958d701f06b369335c94bdc8c996b4806c80829bc34cae52","/static/js/main.77bf28da.js.map":"200f473cd15a3a5e21fc25bd6e2eba3a7739e1c819a44dd57920219f52dcb5f0"}}
[debug] [2023-09-20T10:00:09.315Z] <<< [apiv2][status] POST https://firebasehosting.googleapis.com/v1beta1/projects/448784117195/sites/goodstep-dd60b/versions/538679212e2fba46:populateFiles 200
[debug] [2023-09-20T10:00:09.315Z] <<< [apiv2][body] POST https://firebasehosting.googleapis.com/v1beta1/projects/448784117195/sites/goodstep-dd60b/versions/538679212e2fba46:populateFiles {"uploadRequiredHashes":["058692e7348eb76d3881d2bc55784649f2bb29c6a1fcf800b4dbeebde7a78837","a341da849f6d50e244ddc050d21b47a4e4a086403012612550325dbb190001b5","200f473cd15a3a5e21fc25bd6e2eba3a7739e1c819a44dd57920219f52dcb5f0","b1da266835949549c9841f196d1cde2ef941548b6408f94fd85d840fe37997c0","d5a7eae8c54f47b49862019aa3a23cd5c5146b9449cc01ea2adeb6dc3f3e449c","eeceed64b790a3853cc55a8ecfc1629b0f2cec632a69461a9bc5bfc9b415e07d"],"uploadUrl":"https://upload-firebasehosting.googleapis.com/upload/sites/goodstep-dd60b/versions/538679212e2fba46/files"}
[debug] [2023-09-20T10:00:09.316Z] >>> [apiv2][query] POST https://upload-firebasehosting.googleapis.com/upload/sites/goodstep-dd60b/versions/538679212e2fba46/files/058692e7348eb76d3881d2bc55784649f2bb29c6a1fcf800b4dbeebde7a78837 [none]
[debug] [2023-09-20T10:00:09.316Z] >>> [apiv2][body] POST https://upload-firebasehosting.googleapis.com/upload/sites/goodstep-dd60b/versions/538679212e2fba46/files/058692e7348eb76d3881d2bc55784649f2bb29c6a1fcf800b4dbeebde7a78837 [stream]
[debug] [2023-09-20T10:00:09.318Z] >>> [apiv2][query] POST https://upload-firebasehosting.googleapis.com/upload/sites/goodstep-dd60b/versions/538679212e2fba46/files/a341da849f6d50e244ddc050d21b47a4e4a086403012612550325dbb190001b5 [none]
[debug] [2023-09-20T10:00:09.318Z] >>> [apiv2][body] POST https://upload-firebasehosting.googleapis.com/upload/sites/goodstep-dd60b/versions/538679212e2fba46/files/a341da849f6d50e244ddc050d21b47a4e4a086403012612550325dbb190001b5 [stream]
[debug] [2023-09-20T10:00:09.319Z] >>> [apiv2][query] POST https://upload-firebasehosting.googleapis.com/upload/sites/goodstep-dd60b/versions/538679212e2fba46/files/200f473cd15a3a5e21fc25bd6e2eba3a7739e1c819a44dd57920219f52dcb5f0 [none]
[debug] [2023-09-20T10:00:09.320Z] >>> [apiv2][body] POST https://upload-firebasehosting.googleapis.com/upload/sites/goodstep-dd60b/versions/538679212e2fba46/files/200f473cd15a3a5e21fc25bd6e2eba3a7739e1c819a44dd57920219f52dcb5f0 [stream]
[debug] [2023-09-20T10:00:09.320Z] >>> [apiv2][query] POST https://upload-firebasehosting.googleapis.com/upload/sites/goodstep-dd60b/versions/538679212e2fba46/files/b1da266835949549c9841f196d1cde2ef941548b6408f94fd85d840fe37997c0 [none]
[debug] [2023-09-20T10:00:09.320Z] >>> [apiv2][body] POST https://upload-firebasehosting.googleapis.com/upload/sites/goodstep-dd60b/versions/538679212e2fba46/files/b1da266835949549c9841f196d1cde2ef941548b6408f94fd85d840fe37997c0 [stream]
[debug] [2023-09-20T10:00:09.321Z] >>> [apiv2][query] POST https://upload-firebasehosting.googleapis.com/upload/sites/goodstep-dd60b/versions/538679212e2fba46/files/d5a7eae8c54f47b49862019aa3a23cd5c5146b9449cc01ea2adeb6dc3f3e449c [none]
[debug] [2023-09-20T10:00:09.321Z] >>> [apiv2][body] POST https://upload-firebasehosting.googleapis.com/upload/sites/goodstep-dd60b/versions/538679212e2fba46/files/d5a7eae8c54f47b49862019aa3a23cd5c5146b9449cc01ea2adeb6dc3f3e449c [stream]
[debug] [2023-09-20T10:00:09.322Z] >>> [apiv2][query] POST https://upload-firebasehosting.googleapis.com/upload/sites/goodstep-dd60b/versions/538679212e2fba46/files/eeceed64b790a3853cc55a8ecfc1629b0f2cec632a69461a9bc5bfc9b415e07d [none]
[debug] [2023-09-20T10:00:09.322Z] >>> [apiv2][body] POST https://upload-firebasehosting.googleapis.com/upload/sites/goodstep-dd60b/versions/538679212e2fba46/files/eeceed64b790a3853cc55a8ecfc1629b0f2cec632a69461a9bc5bfc9b415e07d [stream]
[debug] [2023-09-20T10:00:09.323Z] [hosting][populate queue][FINAL] {"max":1146,"min":1146,"avg":1146,"active":0,"complete":1,"success":1,"errored":0,"retried":0,"total":1,"elapsed":1153}
[debug] [2023-09-20T10:00:09.323Z] [hosting] uploads queued: 6
[debug] [2023-09-20T10:00:11.164Z] <<< [apiv2][status] POST https://upload-firebasehosting.googleapis.com/upload/sites/goodstep-dd60b/versions/538679212e2fba46/files/058692e7348eb76d3881d2bc55784649f2bb29c6a1fcf800b4dbeebde7a78837 200
[debug] [2023-09-20T10:00:11.165Z] <<< [apiv2][body] POST https://upload-firebasehosting.googleapis.com/upload/sites/goodstep-dd60b/versions/538679212e2fba46/files/058692e7348eb76d3881d2bc55784649f2bb29c6a1fcf800b4dbeebde7a78837 [stream]
[debug] [2023-09-20T10:00:11.179Z] <<< [apiv2][status] POST https://upload-firebasehosting.googleapis.com/upload/sites/goodstep-dd60b/versions/538679212e2fba46/files/d5a7eae8c54f47b49862019aa3a23cd5c5146b9449cc01ea2adeb6dc3f3e449c 200
[debug] [2023-09-20T10:00:11.180Z] <<< [apiv2][body] POST https://upload-firebasehosting.googleapis.com/upload/sites/goodstep-dd60b/versions/538679212e2fba46/files/d5a7eae8c54f47b49862019aa3a23cd5c5146b9449cc01ea2adeb6dc3f3e449c [stream]
[debug] [2023-09-20T10:00:11.225Z] <<< [apiv2][status] POST https://upload-firebasehosting.googleapis.com/upload/sites/goodstep-dd60b/versions/538679212e2fba46/files/a341da849f6d50e244ddc050d21b47a4e4a086403012612550325dbb190001b5 200
[debug] [2023-09-20T10:00:11.225Z] <<< [apiv2][body] POST https://upload-firebasehosting.googleapis.com/upload/sites/goodstep-dd60b/versions/538679212e2fba46/files/a341da849f6d50e244ddc050d21b47a4e4a086403012612550325dbb190001b5 [stream]
[debug] [2023-09-20T10:00:11.375Z] <<< [apiv2][status] POST https://upload-firebasehosting.googleapis.com/upload/sites/goodstep-dd60b/versions/538679212e2fba46/files/eeceed64b790a3853cc55a8ecfc1629b0f2cec632a69461a9bc5bfc9b415e07d 200
[debug] [2023-09-20T10:00:11.376Z] <<< [apiv2][body] POST https://upload-firebasehosting.googleapis.com/upload/sites/goodstep-dd60b/versions/538679212e2fba46/files/eeceed64b790a3853cc55a8ecfc1629b0f2cec632a69461a9bc5bfc9b415e07d [stream]
[debug] [2023-09-20T10:00:11.945Z] <<< [apiv2][status] POST https://upload-firebasehosting.googleapis.com/upload/sites/goodstep-dd60b/versions/538679212e2fba46/files/b1da266835949549c9841f196d1cde2ef941548b6408f94fd85d840fe37997c0 200
[debug] [2023-09-20T10:00:11.945Z] <<< [apiv2][body] POST https://upload-firebasehosting.googleapis.com/upload/sites/goodstep-dd60b/versions/538679212e2fba46/files/b1da266835949549c9841f196d1cde2ef941548b6408f94fd85d840fe37997c0 [stream]
[debug] [2023-09-20T10:00:13.074Z] <<< [apiv2][status] POST https://upload-firebasehosting.googleapis.com/upload/sites/goodstep-dd60b/versions/538679212e2fba46/files/200f473cd15a3a5e21fc25bd6e2eba3a7739e1c819a44dd57920219f52dcb5f0 200
[debug] [2023-09-20T10:00:13.074Z] <<< [apiv2][body] POST https://upload-firebasehosting.googleapis.com/upload/sites/goodstep-dd60b/versions/538679212e2fba46/files/200f473cd15a3a5e21fc25bd6e2eba3a7739e1c819a44dd57920219f52dcb5f0 [stream]
[debug] [2023-09-20T10:00:13.074Z] [hosting][upload queue][FINAL] {"max":3758,"min":1850,"avg":2345.1666666666665,"active":0,"complete":6,"success":6,"errored":0,"retried":0,"total":6,"elapsed":3759}
[info] +  hosting[goodstep-dd60b]: file upload complete 
[debug] [2023-09-20T10:00:13.075Z] [hosting] deploy completed after 5560ms
[debug] [2023-09-20T10:00:13.075Z] [
  {
    "config": {
      "public": "build",
      "ignore": [
        "firebase.json",
        "**/.*",
        "**/node_modules/**"
      ],
      "rewrites": [
        {
          "source": "**",
          "destination": "/index.html"
        }
      ],
      "site": "goodstep-dd60b"
    },
    "version": "projects/448784117195/sites/goodstep-dd60b/versions/538679212e2fba46"
  }
]
[info] i  hosting[goodstep-dd60b]: finalizing version... 
[debug] [2023-09-20T10:00:13.079Z] >>> [apiv2][query] PATCH https://firebasehosting.googleapis.com/v1beta1/projects/-/sites/goodstep-dd60b/versions/538679212e2fba46 updateMask=status%2Cconfig
[debug] [2023-09-20T10:00:13.079Z] >>> [apiv2][body] PATCH https://firebasehosting.googleapis.com/v1beta1/projects/-/sites/goodstep-dd60b/versions/538679212e2fba46 {"status":"FINALIZED","config":{"rewrites":[{"glob":"**","path":"/index.html"}]}}
